-------------------------------------------------------------------------------
Test set: com.example.demo.EcoApplicationTests
-------------------------------------------------------------------------------
Tests run: 1, Failures: 0, Errors: 1, Skipped: 0, Time elapsed: 0.493 s <<< FAILURE! - in com.example.demo.EcoApplicationTests
com.example.demo.EcoApplicationTests  Time elapsed: 0.486 s  <<< ERROR!
java.lang.IllegalStateException: Unable to find a @SpringBootConfiguration, you need to use @ContextConfiguration or @SpringBootTest(classes=...) with your test

